D:\sonar-scanner-5.0.1.3006-windows\bin\sonar-scanner.bat -D"sonar.projectKey=myproject" -D"sonar.sources=." -D"sonar.host.url=http://192.168.137.83:9000" -D"sonar.token=sqp_4cf68630b16a2c1b09d07e5649d213c63103a552"
INFO: Scanner configuration file: D:\sonar-scanner-5.0.1.3006-windows\bin\..\conf\sonar-scanner.properties
INFO: Project root configuration file: D:\Github Repos\REC-CTS-DN-Reverence-FEP\server\sonar-project.properties
INFO: SonarScanner 5.0.1.3006
INFO: Java 17.0.7 Eclipse Adoptium (64-bit)
INFO: Windows 11 10.0 amd64
INFO: User cache: C:\Users\Hayagreevan\.sonar\cache
INFO: Analyzing on SonarQube server 10.3.0.82913
INFO: Default locale: "en_IN", source code encoding: "windows-1252" (analysis is platform dependent)
INFO: Load global settings
INFO: Load global settings (done) | time=830ms
INFO: Server id: 147B411E-AYwIEYVVcU0LgcdNN3uG
INFO: User cache: C:\Users\Hayagreevan\.sonar\cache
INFO: Load/download plugins
INFO: Load plugins index
INFO: Load plugins index (done) | time=630ms
INFO: Load/download plugins (done) | time=29180ms
INFO: Process project properties
INFO: Process project properties (done) | time=14ms
INFO: Execute project builders
INFO: Execute project builders (done) | time=2ms
INFO: Project key: myproject
INFO: Base dir: D:\Github Repos\REC-CTS-DN-Reverence-FEP\server
INFO: Working dir: D:\Github Repos\REC-CTS-DN-Reverence-FEP\server\.scannerwork
INFO: Load project settings for component key: 'myproject'
INFO: Load project settings for component key: 'myproject' (done) | time=293ms
INFO: Load quality profiles
INFO: Load quality profiles (done) | time=4605ms
INFO: Load active rules
INFO: Load active rules (done) | time=34001ms
INFO: Load analysis cache
INFO: Load analysis cache (404) | time=44ms
INFO: Load project repositories
INFO: Load project repositories (done) | time=104ms
INFO: Indexing files...
INFO: Project configuration:
INFO: 30 files indexed...  (last one was modules/jwt-auth.modules.js)
INFO: 30 files indexed...  (last one was modules/jwt-auth.modules.js)
INFO: 30 files indexed...  (last one was modules/jwt-auth.modules.js)
INFO: 30 files indexed...  (last one was modules/jwt-auth.modules.js)
INFO: 30 files indexed...  (last one was modules/jwt-auth.modules.js)
INFO: 30 files indexed...  (last one was modules/jwt-auth.modules.js)
INFO: 30 files indexed...  (last one was modules/jwt-auth.modules.js)
INFO: 30 files indexed...  (last one was modules/jwt-auth.modules.js)
INFO: 30 files indexed...  (last one was modules/jwt-auth.modules.js)
INFO: 30 files indexed...  (last one was modules/jwt-auth.modules.js)
INFO: 30 files indexed...  (last one was modules/jwt-auth.modules.js)
INFO: 30 files indexed...  (last one was modules/jwt-auth.modules.js)
INFO: 30 files indexed...  (last one was modules/jwt-auth.modules.js)
INFO: 30 files indexed...  (last one was modules/jwt-auth.modules.js)
INFO: 30 files indexed...  (last one was modules/jwt-auth.modules.js)
INFO: 41 files indexed
INFO: 5916 files ignored because of scm ignore settings
INFO: Quality profile for css: Sonar way
INFO: Quality profile for js: Sonar way
INFO: Quality profile for json: Sonar way
INFO: Quality profile for web: Sonar way
INFO: Quality profile for xml: Sonar way
INFO: ------------- Run sensors on module myproject
INFO: Load metrics repository
INFO: Load metrics repository (done) | time=421ms
INFO: Sensor JaCoCo XML Report Importer [jacoco]
INFO: 'sonar.coverage.jacoco.xmlReportPaths' is not defined. Using default locations: target/site/jacoco/jacoco.xml,target/site/jacoco-it/jacoco.xml,build/reports/jacoco/test/jacocoTestReport.xml
INFO: No report imported, no coverage information will be imported by JaCoCo XML Report Importer
INFO: Sensor JaCoCo XML Report Importer [jacoco] (done) | time=6ms
INFO: Sensor IaC CloudFormation Sensor [iac]
INFO: 0 source files to be analyzed
INFO: 0/0 source files have been analyzed
INFO: Sensor IaC CloudFormation Sensor [iac] (done) | time=208ms
INFO: Sensor IaC AzureResourceManager Sensor [iac]
INFO: 0 source files to be analyzed
INFO: 0/0 source files have been analyzed
INFO: Sensor IaC AzureResourceManager Sensor [iac] (done) | time=383ms
INFO: Sensor JavaScript/TypeScript analysis [javascript]
INFO: Detected os: Windows 11 arch: amd64 alpine: false. Platform: WIN_X64
INFO: Using Node.js executable: 'C:\Program Files\nodejs\node.exe'.
INFO: Memory configuration: OS (7914 MB), Node.js (2096 MB).
INFO: Found 0 tsconfig.json file(s): []
INFO: Creating TypeScript program
INFO: TypeScript configuration file C:\Users\Hayagreevan\AppData\Local\Temp\tmp-23112-YzTgcICCX5mZ
INFO: 12 source files to be analyzed
INFO: Creating TypeScript program (done) | time=2446ms
INFO: Starting analysis with current program
INFO: Analyzed 12 file(s) with current program
INFO: 12/12 source files have been analyzed
INFO: Hit the cache for 0 out of 12
INFO: Miss the cache for 12 out of 12: ANALYSIS_MODE_INELIGIBLE [12/12]
INFO: Sensor JavaScript/TypeScript analysis [javascript] (done) | time=133500ms
INFO: Sensor JavaScript inside HTML analysis [javascript]
INFO: 14 source files to be analyzed
INFO: 14/14 source files have been analyzed
INFO: Hit the cache for 0 out of 14
INFO: Miss the cache for 14 out of 14: ANALYSIS_MODE_INELIGIBLE [14/14]
INFO: Sensor JavaScript inside HTML analysis [javascript] (done) | time=716ms
INFO: Sensor CSS Rules [javascript]
INFO: 15 source files to be analyzed
INFO: 15/15 source files have been analyzed
INFO: Hit the cache for 0 out of 0
INFO: Miss the cache for 0 out of 0
INFO: Sensor CSS Rules [javascript] (done) | time=2919ms
INFO: Sensor CSS Metrics [javascript]
INFO: Sensor CSS Metrics [javascript] (done) | time=396ms
INFO: Sensor C# Project Type Information [csharp]
INFO: Sensor C# Project Type Information [csharp] (done) | time=8ms
INFO: Sensor C# Analysis Log [csharp]
INFO: Sensor C# Analysis Log [csharp] (done) | time=69ms
INFO: Sensor C# Properties [csharp]
INFO: Sensor C# Properties [csharp] (done) | time=0ms
INFO: Sensor HTML [web]
INFO: Sensor HTML [web] (done) | time=1224ms
INFO: Sensor XML Sensor [xml]
INFO: 2 source files to be analyzed
INFO: 2/2 source files have been analyzed
INFO: Sensor XML Sensor [xml] (done) | time=763ms
INFO: Sensor TextAndSecretsSensor [text]
INFO: 32 source files to be analyzed
INFO: 32/32 source files have been analyzed
INFO: Sensor TextAndSecretsSensor [text] (done) | time=4182ms
INFO: Sensor VB.NET Project Type Information [vbnet]
INFO: Sensor VB.NET Project Type Information [vbnet] (done) | time=5ms
INFO: Sensor VB.NET Analysis Log [vbnet]
INFO: Sensor VB.NET Analysis Log [vbnet] (done) | time=35ms
INFO: Sensor VB.NET Properties [vbnet]
INFO: Sensor VB.NET Properties [vbnet] (done) | time=0ms
INFO: Sensor IaC Docker Sensor [iac]
INFO: 0 source files to be analyzed
INFO: 0/0 source files have been analyzed
INFO: Sensor IaC Docker Sensor [iac] (done) | time=62ms
INFO: ------------- Run sensors on project
INFO: Sensor Analysis Warnings import [csharp]
INFO: Sensor Analysis Warnings import [csharp] (done) | time=1ms
INFO: Sensor Zero Coverage Sensor
INFO: Sensor Zero Coverage Sensor (done) | time=94ms
INFO: SCM Publisher SCM provider for this project is: git
INFO: SCM Publisher 29 source files to be analyzed
INFO: SCM Publisher 29/29 source files have been analyzed (done) | time=4086ms
INFO: CPD Executor Calculating CPD for 26 files
INFO: CPD Executor CPD calculation finished (done) | time=111ms
INFO: Analysis report generated in 305ms, dir size=598.1 kB
INFO: Analysis report compressed in 280ms, zip size=175.3 kB
INFO: Analysis report uploaded in 1240ms
INFO: ANALYSIS SUCCESSFUL, you can find the results at: http://192.168.137.83:9000/dashboard?id=myproject
INFO: Note that you will be able to access the updated dashboard once the server has processed the submitted analysis report
INFO: More about the report processing at http://192.168.137.83:9000/api/ce/task?id=AYwbKGSK8rMoI-ZDg9ry
INFO: Analysis total time: 7:25.442 s
INFO: ------------------------------------------------------------------------
INFO: EXECUTION SUCCESS
INFO: ------------------------------------------------------------------------
INFO: Total time: 8:03.448s
INFO: Final Memory: 21M/74M
INFO: ------------------------------------------------------------------------